*** Using Compiler 'V5.06 update 7 (build 960)', folder: 'E:\Keil5\ARM\ARMCC\Bin'
Rebuild target 'action'
assembling startup_stm32f40_41xxx.s...
compiling misc.c...
compiling stm32f4xx_it.c...
compiling my_uart.c...
compiling main.c...
compiling stm32f4xx_gpio.c...
compiling sys.c...
compiling stm32f4xx_adc.c...
compiling delay.c...
compiling stm32f4xx_usart.c...
compiling system_stm32f4xx.c...
compiling action.c...
compiling usart.c...
compiling stm32f4xx_rcc.c...
compiling stm32f4xx_tim.c...
linking...
Program Size: Code=11536 RO-data=712 RW-data=84 ZI-data=1908  
FromELF: creating hex file...
"..\OBJ\Template.axf" - 0 Error(s), 0 Warning(s).
Build Time Elapsed:  00:00:04
